[24Jul2025 00:00:06.125] [Server thread/INFO] [net.minecraft.server.MinecraftServer/]: [Not Secure] <YOUNGDINO07> ala
[24Jul2025 00:00:10.459] [Server thread/INFO] [net.minecraft.server.MinecraftServer/]: [Not Secure] <YOUNGDINO07> una ballena tio
[24Jul2025 00:00:58.511] [Server thread/INFO] [net.minecraft.server.MinecraftServer/]: lobo3224 has made the advancement [Stone Age]
[24Jul2025 00:01:02.188] [Server thread/INFO] [net.minecraft.server.MinecraftServer/]: [Not Secure] <YOUNGDINO07> arta cueva
[24Jul2025 00:01:33.500] [Server thread/INFO] [net.minecraft.server.MinecraftServer/]: lobo3224 has made the advancement [Getting an Upgrade]
[24Jul2025 00:01:37.958] [Server thread/INFO] [net.minecraft.server.MinecraftServer/]: YOUNGDINO07 has made the advancement [Getting an Upgrade]
[24Jul2025 00:02:34.862] [Server thread/INFO] [net.minecraft.server.MinecraftServer/]: [Not Secure] <YOUNGDINO07> para que configuro algo
[24Jul2025 00:02:43.805] [Worker-Main-2/INFO] [com.teampotato.redirector.Redirector/]: Redirecting com/github/alexthe666/citadel/server/entity/pathfinding/raycoms/AdvancedPathNavigate$MovementType
[24Jul2025 00:02:51.724] [Worker-Main-1/INFO] [ModernFix/]: Instantiating Mojang DFU
[24Jul2025 00:03:22.233] [Server thread/INFO] [net.minecraft.server.MinecraftServer/]: [Not Secure] <YOUNGDINO07> exploremos pero sin el bote
[24Jul2025 00:03:49.410] [Server thread/INFO] [net.minecraft.server.MinecraftServer/]: [Not Secure] <YOUNGDINO07> xd
[24Jul2025 00:04:22.666] [Server thread/INFO] [com.teampotato.redirector.Redirector/]: Redirecting com/github/alexthe666/citadel/server/entity/pathfinding/raycoms/PathFindingStatus
[24Jul2025 00:04:22.666] [Server thread/INFO] [com.teampotato.redirector.Redirector/]: Redirecting com/github/alexthe666/citadel/server/entity/pathfinding/raycoms/AbstractAdvancedPathNavigate$RestrictionType
[24Jul2025 00:04:22.670] [Citadel Pathfinding Worker #0/INFO] [com.teampotato.redirector.Redirector/]: Redirecting com/github/alexthe666/citadel/server/entity/pathfinding/raycoms/SurfaceType
[24Jul2025 00:04:35.134] [Server thread/INFO] [net.minecraft.server.MinecraftServer/]: [Not Secure] <YOUNGDINO07> ala mrd es flash esa webada
[24Jul2025 00:04:47.615] [Server thread/INFO] [net.minecraft.server.MinecraftServer/]: [Not Secure] <YOUNGDINO07> que?
[24Jul2025 00:05:24.228] [Server thread/WARN] [net.minecraft.server.level.ServerPlayerGameMode/]: Mismatch in destroy block pos: BlockPos{x=-34, y=64, z=-186} BlockPos{x=-34, y=62, z=-185}
[24Jul2025 00:05:26.178] [Server thread/INFO] [net.minecraft.server.MinecraftServer/]: [Not Secure] <YOUNGDINO07> hago grupo asi no te pierdo
[24Jul2025 00:05:29.660] [Server thread/INFO] [net.minecraft.server.MinecraftServer/]: [Not Secure] <YOUNGDINO07> o asi nomas
[24Jul2025 00:05:36.070] [Server thread/INFO] [net.minecraft.server.MinecraftServer/]: [Not Secure] <lobo3224> asi nomas
[24Jul2025 00:05:50.432] [Server thread/INFO] [net.minecraft.server.MinecraftServer/]: lobo3224 has made the advancement [It Bites]
[24Jul2025 00:05:53.462] [Server thread/INFO] [net.minecraft.server.MinecraftServer/]: [Not Secure] <YOUNGDINO07> xd
